Arguments: 
  /usr/local/bin/node /usr/local/Cellar/yarn/1.21.1/libexec/bin/yarn.js init

PATH: 
  /usr/local/aws/bin:/usr/local/bin:/usr/bin:/bin:/usr/sbin:/sbin:/Users/mac/Documents/protoc-3.7.0-rc-2-osx-x86_64/bin/:/usr/local/go/bin:/Users/mac/Documents/Lab/web/CloneObjectTypeScript/node_modules/.bin:/Users/mac/.android-sdk-macosx/platform-tools/:/Users/mac/Library/Android/sdk/tools:/Users/mac/Library/Android/sdk/platform-tools://Users/mac/go/bin:/Users/mac/sonar-scanner/bin:/Users/mac/.rvm/bin

Yarn version: 
  1.21.1

Node version: 
  12.14.0

Platform: 
  darwin x64

Trace: 
  SyntaxError: /Users/mac/Documents/Lab/web/CloneObjectTypeScript/package.json: Unexpected end of JSON input
      at JSON.parse (<anonymous>)
      at /usr/local/Cellar/yarn/1.21.1/libexec/lib/cli.js:1625:59
      at Generator.next (<anonymous>)
      at step (/usr/local/Cellar/yarn/1.21.1/libexec/lib/cli.js:310:30)
      at /usr/local/Cellar/yarn/1.21.1/libexec/lib/cli.js:321:13

npm manifest: 
  

yarn manifest: 
  No manifest

Lockfile: 
  No lockfile
